--------------------------------------------------------------------------------
Release 14.2 Trace  (nt64)
Copyright (c) 1995-2012 Xilinx, Inc.  All rights reserved.

C:\Xilinx\14.2\ISE_DS\ISE\bin\nt64\unwrapped\trce.exe -intstyle ise -v 3 -s 3
-n 3 -fastpaths -xml vga_display.twx vga_display.ncd -o vga_display.twr
vga_display.pcf -ucf vga_display.ucf

Design file:              vga_display.ncd
Physical constraint file: vga_display.pcf
Device,package,speed:     xc6slx16,csg324,C,-3 (PRODUCTION 1.22 2012-07-09)
Report level:             verbose report

Environment Variable      Effect 
--------------------      ------ 
NONE                      No environment variables were set
--------------------------------------------------------------------------------

INFO:Timing:2698 - No timing constraints found, doing default enumeration.
INFO:Timing:3412 - To improve timing, see the Timing Closure User Guide (UG612).
INFO:Timing:2752 - To get complete path coverage, use the unconstrained paths 
   option. All paths that are not constrained will be reported in the 
   unconstrained paths section(s) of the report.
INFO:Timing:3339 - The clock-to-out numbers in this timing report are based on 
   a 50 Ohm transmission line loading model.  For the details of this model, 
   and for more information on accounting for different loading conditions, 
   please see the device datasheet.



Data Sheet report:
-----------------
All values displayed in nanoseconds (ns)

Clock clk to Pad
------------+-----------------+------------+-----------------+------------+------------------+--------+
            |Max (slowest) clk|  Process   |Min (fastest) clk|  Process   |                  | Clock  |
Destination |  (edge) to PAD  |   Corner   |  (edge) to PAD  |   Corner   |Internal Clock(s) | Phase  |
------------+-----------------+------------+-----------------+------------+------------------+--------+
B<0>        |         7.734(R)|      SLOW  |         4.047(R)|      FAST  |clk_BUFGP         |   0.000|
B<1>        |         7.991(R)|      SLOW  |         4.211(R)|      FAST  |clk_BUFGP         |   0.000|
R<0>        |         7.708(R)|      SLOW  |         4.082(R)|      FAST  |clk_BUFGP         |   0.000|
R<1>        |         7.708(R)|      SLOW  |         4.082(R)|      FAST  |clk_BUFGP         |   0.000|
R<2>        |         8.010(R)|      SLOW  |         4.221(R)|      FAST  |clk_BUFGP         |   0.000|
------------+-----------------+------------+-----------------+------------+------------------+--------+

Clock to Setup on destination clock clk
---------------+---------+---------+---------+---------+
               | Src:Rise| Src:Fall| Src:Rise| Src:Fall|
Source Clock   |Dest:Rise|Dest:Rise|Dest:Fall|Dest:Fall|
---------------+---------+---------+---------+---------+
clk            |    1.935|         |         |         |
---------------+---------+---------+---------+---------+


Analysis completed Sun Dec 06 17:56:26 2015 
--------------------------------------------------------------------------------

Trace Settings:
-------------------------
Trace Settings 

Peak Memory Usage: 222 MB



